<?xml version="1.0" encoding="utf-8"?><testsuites name="pytest tests"><testsuite name="pytest" errors="0" failures="0" skipped="0" tests="31" time="7.414" timestamp="2026-07-15T21:07:42.097564+08:00" hostname="mingspring"><testcase classname="tests.test_analyzer" name="test_core_metrics_follow_documented_scope" time="0.122" /><testcase classname="tests.test_analyzer" name="test_top_n_and_pivot_are_ordered" time="0.044" /><testcase classname="tests.test_analyzer" name="test_zero_completed_orders_returns_zero_average" time="0.028" /><testcase classname="tests.test_anomaly" name="test_iqr_detects_extreme_completed_order" time="0.025" /><testcase classname="tests.test_anomaly" name="test_iqr_skips_insufficient_sample" time="0.019" /><testcase classname="tests.test_app" name="test_initial_page_waits_for_user_input" time="0.757" /><testcase classname="tests.test_app" name="test_generate_without_csv_keeps_page_in_idle_state" time="0.258" /><testcase classname="tests.test_app" name="test_explicit_sample_analysis_exposes_pdf_download" time="0.740" /><testcase classname="tests.test_app" name="test_ai_settings_offers_multiple_provider_presets" time="0.274" /><testcase classname="tests.test_charts" name="test_builds_three_named_figures" time="0.105" /><testcase classname="tests.test_cleaner" name="test_clean_data_remains_valid" time="0.018" /><testcase classname="tests.test_cleaner" name="test_dirty_data_is_classified_and_traceable" time="0.020" /><testcase classname="tests.test_cleaner" name="test_cleaner_does_not_mutate_input" time="0.019" /><testcase classname="tests.test_cleaner" name="test_fractional_quantity_is_rejected_instead_of_truncated" time="0.020" /><testcase classname="tests.test_insight" name="test_template_fallback_contains_deterministic_metrics" time="0.001" /><testcase classname="tests.test_insight" name="test_service_falls_back_on_provider_error" time="0.001" /><testcase classname="tests.test_insight" name="test_service_rejects_numbers_not_in_payload" time="0.001" /><testcase classname="tests.test_insight" name="test_factory_uses_fallback_without_key" time="0.002" /><testcase classname="tests.test_insight" name="test_factory_accepts_other_openai_compatible_providers" time="1.933" /><testcase classname="tests.test_insight" name="test_deepseek_adapter_sends_only_structured_payload" time="0.001" /><testcase classname="tests.test_integration" name="test_dirty_csv_runs_end_to_end_without_external_service" time="0.191" /><testcase classname="tests.test_integration" name="test_repeated_analysis_is_deterministic" time="0.318" /><testcase classname="tests.test_loader" name="test_loads_utf8_and_normalizes_columns" time="0.003" /><testcase classname="tests.test_loader" name="test_loads_utf8_bom" time="0.002" /><testcase classname="tests.test_loader" name="test_rejects_empty_file" time="0.001" /><testcase classname="tests.test_loader" name="test_rejects_missing_required_columns" time="0.002" /><testcase classname="tests.test_loader" name="test_rejects_non_csv_extension" time="0.001" /><testcase classname="tests.test_loader" name="test_rejects_non_utf8_bytes" time="0.001" /><testcase classname="tests.test_loader" name="test_rejects_file_over_limit" time="0.001" /><testcase classname="tests.test_report" name="test_html_report_embeds_charts_and_chinese" time="0.011" /><testcase classname="tests.test_report" name="test_pdf_report_has_pdf_signature_and_report_content" time="0.011" /></testsuite></testsuites>